<?xml version="1.0" encoding="UTF-8"?>
<testsuites>
    <testsuite name="force.apex" timestamp="2021-04-13T09:50:15+02:00" hostname="https://data-page-19352-dev-ed.cs101.my.salesforce.com" tests="2" failures="1"  errors="0"  time="8.66">
        <properties>
            <property name="outcome" value="Failed"/>
            <property name="testsRan" value="2"/>
            <property name="passing" value="1"/>
            <property name="failing" value="1"/>
            <property name="skipped" value="0"/>
            <property name="passRate" value="50%"/>
            <property name="failRate" value="50%"/>
            <property name="testStartTime" value="Apr 13, 2021 9:50 AM"/>
            <property name="testExecutionTime" value="8.66 s"/>
            <property name="testTotalTime" value="8.66 s"/>
            <property name="commandTime" value="14.05 s"/>
            <property name="hostname" value="https://data-page-19352-dev-ed.cs101.my.salesforce.com"/>
            <property name="orgId" value="00D1X00000034R1UAI"/>
            <property name="username" value="test-in7nqa4fsmgt@example.com"/>
            <property name="testRunId" value="7071X00001XFUGA"/>
            <property name="userId" value="0051X000007SSFeQAO"/>
        </properties>
        <testcase name="should_aggregate_two_ordered_orders_on_account" classname="TestUpdateAccountTurnover" time="1.19">
            <failure message="System.DmlException: Insert failed. First exception on row 0; first error: INVALID_OR_NULL_FOR_RESTRICTED_PICKLIST, Status: bad value for restricted picklist field: Ordered: [Status]"><![CDATA[Class.TestUpdateAccountTurnover.should_aggregate_two_ordered_orders_on_account: line 81, column 1]]></failure>
        </testcase>
        <testcase name="should_not_aggregate_two_orders_status_diff_from_ordered" classname="TestUpdateAccountTurnover" time="7.48">
        </testcase>
    </testsuite>
</testsuites>
